<?xml version="1.0" encoding="UTF-8"?>
<persistence xmlns:xsi="http://www.w3.org/2001/XMLSchema-instance"
             xmlns="http://xmlns.jcp.org/xml/ns/persistence"
             xsi:schemaLocation="http://xmlns.jcp.org/xml/ns/persistence
             http://xmlns.jcp.org/xml/ns/persistence/persistence_2_1.xsd"
             version="2.1">
  <persistence-unit name="default" transaction-type="RESOURCE_LOCAL">
    <provider>org.eclipse.persistence.jpa.PersistenceProvider</provider>
    <shared-cache-mode>ENABLE_SELECTIVE</shared-cache-mode>
    <properties>
      <property name="javax.persistence.target-database" value="h2" />
      <property name="javax.persistence.jdbc.driver" value="org.h2.Driver" />
      <property name="javax.persistence.jdbc.url" value="jdbc:h2:mem:testdb;create=true" />
      <property name="javax.persistence.jdbc.user" value="" />
      <property name="javax.persistence.jdbc.password" value="" />
      <property name="javax.persistence.sharedCache.mode" value="ALL" />
      <property name="openjpa.DataCache" value="true" />
    </properties>
  </persistence-unit>
</persistence>